Using pre-set license
Built from '2021.3/staging' branch; Version is '2021.3.14f1 (eee1884e7226) revision 15655304'; Using compiler version '192829333'; Build Type 'Release'
OS: 'Windows 11  (10.0.22621) 64bit Core' Language: 'de' Physical Memory: 16159 MB
BatchMode: 1, IsHumanControllingUs: 0, StartBugReporterOnCrash: 0, Is64bit: 1, IsPro: 1

COMMAND LINE ARGUMENTS:
C:\Program Files\Unity\Hub\Editor\2021.3.14f1\Editor\Unity.exe
-adb2
-batchMode
-noUpm
-name
AssetImportWorker0
-projectPath
C:/Uni/Light & Dark Sides of XR/Repository/light-and-dark-sides-gruppe-1/Milgram VR
-logFile
Logs/AssetImportWorker0.log
-srvPort
64693
Successfully changed project path to: C:/Uni/Light & Dark Sides of XR/Repository/light-and-dark-sides-gruppe-1/Milgram VR
C:/Uni/Light & Dark Sides of XR/Repository/light-and-dark-sides-gruppe-1/Milgram VR
[UnityMemory] Configuration Parameters - Can be set up in boot.config
    "memorysetup-bucket-allocator-granularity=16"
    "memorysetup-bucket-allocator-bucket-count=8"
    "memorysetup-bucket-allocator-block-size=33554432"
    "memorysetup-bucket-allocator-block-count=8"
    "memorysetup-main-allocator-block-size=16777216"
    "memorysetup-thread-allocator-block-size=16777216"
    "memorysetup-gfx-main-allocator-block-size=16777216"
    "memorysetup-gfx-thread-allocator-block-size=16777216"
    "memorysetup-cache-allocator-block-size=4194304"
    "memorysetup-typetree-allocator-block-size=2097152"
    "memorysetup-profiler-bucket-allocator-granularity=16"
    "memorysetup-profiler-bucket-allocator-bucket-count=8"
    "memorysetup-profiler-bucket-allocator-block-size=33554432"
    "memorysetup-profiler-bucket-allocator-block-count=8"
    "memorysetup-profiler-allocator-block-size=16777216"
    "memorysetup-profiler-editor-allocator-block-size=1048576"
    "memorysetup-temp-allocator-size-main=16777216"
    "memorysetup-job-temp-allocator-block-size=2097152"
    "memorysetup-job-temp-allocator-block-size-background=1048576"
    "memorysetup-job-temp-allocator-reduction-small-platforms=262144"
    "memorysetup-temp-allocator-size-background-worker=32768"
    "memorysetup-temp-allocator-size-job-worker=262144"
    "memorysetup-temp-allocator-size-preload-manager=33554432"
    "memorysetup-temp-allocator-size-nav-mesh-worker=65536"
    "memorysetup-temp-allocator-size-audio-worker=65536"
    "memorysetup-temp-allocator-size-cloud-worker=32768"
    "memorysetup-temp-allocator-size-gi-baking-worker=262144"
    "memorysetup-temp-allocator-size-gfx=262144"
Refreshing native plugins compatible for Editor in 81.89 ms, found 3 plugins.
Preloading 0 native plugins for Editor in 0.00 ms.
Initialize engine version: 2021.3.14f1 (eee1884e7226)
[Subsystems] Discovering subsystems at path C:/Program Files/Unity/Hub/Editor/2021.3.14f1/Editor/Data/Resources/UnitySubsystems
[Subsystems] Discovering subsystems at path C:/Uni/Light & Dark Sides of XR/Repository/light-and-dark-sides-gruppe-1/Milgram VR/Assets
GfxDevice: creating device client; threaded=0; jobified=0
Direct3D:
    Version:  Direct3D 11.0 [level 11.1]
    Renderer: NVIDIA GeForce MX350 (ID=0x1c94)
    Vendor:   NVIDIA
    VRAM:     1979 MB
    Driver:   30.0.15.1259
Initialize mono
Mono path[0] = 'C:/Program Files/Unity/Hub/Editor/2021.3.14f1/Editor/Data/Managed'
Mono path[1] = 'C:/Program Files/Unity/Hub/Editor/2021.3.14f1/Editor/Data/MonoBleedingEdge/lib/mono/unityjit-win32'
Mono config path = 'C:/Program Files/Unity/Hub/Editor/2021.3.14f1/Editor/Data/MonoBleedingEdge/etc'
Using monoOptions --debugger-agent=transport=dt_socket,embedding=1,server=y,suspend=n,address=127.0.0.1:56704
Begin MonoManager ReloadAssembly
Registering precompiled unity dll's ...
Register platform support module: C:/Program Files/Unity/Hub/Editor/2021.3.14f1/Editor/Data/PlaybackEngines/WindowsStandaloneSupport/UnityEditor.WindowsStandalone.Extensions.dll
Registered in 0.009023 seconds.
Native extension for WindowsStandalone target not found
Refreshing native plugins compatible for Editor in 85.72 ms, found 3 plugins.
Preloading 0 native plugins for Editor in 0.00 ms.
Mono: successfully reloaded assembly
- Completed reload, in  0.733 seconds
Domain Reload Profiling:
	ReloadAssembly (734ms)
		BeginReloadAssembly (90ms)
			ExecutionOrderSort (0ms)
			DisableScriptedObjects (0ms)
			BackupInstance (0ms)
			ReleaseScriptingObjects (0ms)
			CreateAndSetChildDomain (1ms)
		EndReloadAssembly (498ms)
			LoadAssemblies (87ms)
			RebuildTransferFunctionScriptingTraits (0ms)
			SetupTypeCache (116ms)
			ReleaseScriptCaches (0ms)
			RebuildScriptCaches (28ms)
			SetupLoadedEditorAssemblies (300ms)
				LogAssemblyErrors (0ms)
				InitializePlatformSupportModulesInManaged (10ms)
				SetLoadedEditorAssemblies (0ms)
				RefreshPlugins (86ms)
				BeforeProcessingInitializeOnLoad (1ms)
				ProcessInitializeOnLoadAttributes (156ms)
				ProcessInitializeOnLoadMethodAttributes (46ms)
				AfterProcessingInitializeOnLoad (0ms)
				EditorAssembliesLoaded (0ms)
			ExecutionOrderSort2 (0ms)
			AwakeInstancesAfterBackupRestoration (0ms)
Platform modules already initialized, skipping
Registering precompiled user dll's ...
Registered in 0.010589 seconds.
Begin MonoManager ReloadAssembly
Symbol file LoadedFromMemory doesn't match image C:\Uni\Light & Dark Sides of XR\Repository\light-and-dark-sides-gruppe-1\Milgram VR\Library\PackageCache\com.unity.visualscripting@1.7.8\Editor\VisualScripting.Core\Dependencies\YamlDotNet\Unity.VisualScripting.YamlDotNet.dll
Symbol file LoadedFromMemory doesn't match image C:\Uni\Light & Dark Sides of XR\Repository\light-and-dark-sides-gruppe-1\Milgram VR\Library\PackageCache\com.unity.visualscripting@1.7.8\Editor\VisualScripting.Core\Dependencies\DotNetZip\Unity.VisualScripting.IonicZip.dll
Native extension for WindowsStandalone target not found
Refreshing native plugins compatible for Editor in 0.50 ms, found 3 plugins.
Preloading 0 native plugins for Editor in 0.00 ms.
Mono: successfully reloaded assembly
- Completed reload, in  1.184 seconds
Domain Reload Profiling:
	ReloadAssembly (1185ms)
		BeginReloadAssembly (121ms)
			ExecutionOrderSort (0ms)
			DisableScriptedObjects (5ms)
			BackupInstance (0ms)
			ReleaseScriptingObjects (0ms)
			CreateAndSetChildDomain (18ms)
		EndReloadAssembly (945ms)
			LoadAssemblies (95ms)
			RebuildTransferFunctionScriptingTraits (0ms)
			SetupTypeCache (267ms)
			ReleaseScriptCaches (1ms)
			RebuildScriptCaches (63ms)
			SetupLoadedEditorAssemblies (476ms)
				LogAssemblyErrors (0ms)
				InitializePlatformSupportModulesInManaged (5ms)
				SetLoadedEditorAssemblies (0ms)
				RefreshPlugins (1ms)
				BeforeProcessingInitializeOnLoad (88ms)
				ProcessInitializeOnLoadAttributes (320ms)
				ProcessInitializeOnLoadMethodAttributes (50ms)
				AfterProcessingInitializeOnLoad (12ms)
				EditorAssembliesLoaded (0ms)
			ExecutionOrderSort2 (0ms)
			AwakeInstancesAfterBackupRestoration (6ms)
Platform modules already initialized, skipping
========================================================================
Worker process is ready to serve import requests
Launched and connected shader compiler UnityShaderCompiler.exe after 0.08 seconds
Refreshing native plugins compatible for Editor in 0.49 ms, found 3 plugins.
Preloading 0 native plugins for Editor in 0.00 ms.
Unloading 3351 Unused Serialized files (Serialized files now loaded: 0)
Unloading 27 unused Assets / (113.4 KB). Loaded Objects now: 3808.
Memory consumption went from 116.5 MB to 116.4 MB.
Total: 2.603600 ms (FindLiveObjects: 0.260200 ms CreateObjectMapping: 0.117000 ms MarkObjects: 2.122100 ms  DeleteObjects: 0.102800 ms)

AssetImportParameters requested are different than current active one (requested -> active):
  custom:video-decoder-ogg-theora: a1e56fd34408186e4bbccfd4996cb3dc -> 
  custom:container-muxer-webm: aa71ff27fc2769a1b78a27578f13a17b -> 
  custom:container-demuxer-webm: 4f35f7cbe854078d1ac9338744f61a02 -> 
  custom:video-encoder-webm-vp8: eb34c28f22e8b96e1ab97ce403110664 -> 
  custom:video-codec-MediaFoundation-h265: 746d11721c4dcdbdad8f713fa42b33f4 -> 
  custom:audio-encoder-webm-vorbis: bf7c407c2cedff20999df2af8eb42d56 -> 
  custom:framework-win-MediaFoundation: 216162199b28c13a410421893ffa2e32 -> 
  custom:container-demuxer-ogg: 62fdf1f143b41e24485cea50d1cbac27 -> 
  custom:video-decoder-webm-vp8: 9c59270c3fd7afecdb556c50c9e8de78 -> 
  custom:audio-decoder-ogg-vorbis: bf7c407c2cedff20999df2af8eb42d56 -> 
========================================================================
Received Import Request.
  Time since last request: 13799.249679 seconds.
  path: Assets/Materials/Dark Wood.mat
  artifactKey: Guid(b445c421c35ddd647a40ea10eba04ab3) Importer(815301076,1909f56bfc062723c751e8b465ee728b)
Start importing Assets/Materials/Dark Wood.mat using Guid(b445c421c35ddd647a40ea10eba04ab3) Importer(815301076,1909f56bfc062723c751e8b465ee728b)  -> (artifact id: 'd21092b7b1632e20b9616623fa155dc9') in 0.125494 seconds 
========================================================================
Received Import Request.
  Time since last request: 3.086853 seconds.
  path: Assets/Materials/Wood067_2K_Color.jpg
  artifactKey: Guid(7e69fa9a47b1a28479e519f1673e903e) Importer(815301076,1909f56bfc062723c751e8b465ee728b)
Start importing Assets/Materials/Wood067_2K_Color.jpg using Guid(7e69fa9a47b1a28479e519f1673e903e) Importer(815301076,1909f56bfc062723c751e8b465ee728b)  -> (artifact id: '660b6f9aaafeb7c5b5b5b3439c751c30') in 0.085069 seconds 
========================================================================
Received Import Request.
  Time since last request: 10.205604 seconds.
  path: Assets/Materials/Wood.jpg
  artifactKey: Guid(7e69fa9a47b1a28479e519f1673e903e) Importer(815301076,1909f56bfc062723c751e8b465ee728b)
Start importing Assets/Materials/Wood.jpg using Guid(7e69fa9a47b1a28479e519f1673e903e) Importer(815301076,1909f56bfc062723c751e8b465ee728b)  -> (artifact id: '9268983ff0afe5022e68efd2a60b4296') in 0.016110 seconds 
========================================================================
Received Import Request.
  Time since last request: 32.338842 seconds.
  path: Assets/Materials/Wood067_2K_NormalGL.jpg
  artifactKey: Guid(7bdb1311f06f8fc469d0cafcc46a635a) Importer(815301076,1909f56bfc062723c751e8b465ee728b)
Start importing Assets/Materials/Wood067_2K_NormalGL.jpg using Guid(7bdb1311f06f8fc469d0cafcc46a635a) Importer(815301076,1909f56bfc062723c751e8b465ee728b)  -> (artifact id: 'd6c52d292be3cea86b0e8df462d20630') in 0.020545 seconds 
========================================================================
Received Import Request.
  Time since last request: 8.475079 seconds.
  path: Assets/Materials/Woo_Normal.jpg
  artifactKey: Guid(7bdb1311f06f8fc469d0cafcc46a635a) Importer(815301076,1909f56bfc062723c751e8b465ee728b)
Start importing Assets/Materials/Woo_Normal.jpg using Guid(7bdb1311f06f8fc469d0cafcc46a635a) Importer(815301076,1909f56bfc062723c751e8b465ee728b)  -> (artifact id: '733aab46acf3d5997095851188540e7c') in 0.014909 seconds 
========================================================================
Received Import Request.
  Time since last request: 5.312863 seconds.
  path: Assets/Materials/Wood_Normal.jpg
  artifactKey: Guid(7bdb1311f06f8fc469d0cafcc46a635a) Importer(815301076,1909f56bfc062723c751e8b465ee728b)
Start importing Assets/Materials/Wood_Normal.jpg using Guid(7bdb1311f06f8fc469d0cafcc46a635a) Importer(815301076,1909f56bfc062723c751e8b465ee728b)  -> (artifact id: '0f18ba63fd28c34fb47b8ed486273377') in 0.014124 seconds 
========================================================================
Received Import Request.
  Time since last request: 11.283598 seconds.
  path: Assets/Materials/Wood_Normal.jpg
  artifactKey: Guid(7bdb1311f06f8fc469d0cafcc46a635a) Importer(815301076,1909f56bfc062723c751e8b465ee728b)
Start importing Assets/Materials/Wood_Normal.jpg using Guid(7bdb1311f06f8fc469d0cafcc46a635a) Importer(815301076,1909f56bfc062723c751e8b465ee728b)  -> (artifact id: '4b11df14774399e889345ef7054baebf') in 0.030506 seconds 
========================================================================
Received Import Request.
  Time since last request: 47.038754 seconds.
  path: Assets/Materials/Wood067_2K_Roughness.jpg
  artifactKey: Guid(74bf776c8c87c6445bfd4ee7dfc4a16c) Importer(815301076,1909f56bfc062723c751e8b465ee728b)
Start importing Assets/Materials/Wood067_2K_Roughness.jpg using Guid(74bf776c8c87c6445bfd4ee7dfc4a16c) Importer(815301076,1909f56bfc062723c751e8b465ee728b)  -> (artifact id: '283afde7c277de32de3a79ba96914c81') in 0.022225 seconds 
========================================================================
Received Import Request.
  Time since last request: 8.453899 seconds.
  path: Assets/Materials/Wood_Roughness.jpg
  artifactKey: Guid(74bf776c8c87c6445bfd4ee7dfc4a16c) Importer(815301076,1909f56bfc062723c751e8b465ee728b)
Start importing Assets/Materials/Wood_Roughness.jpg using Guid(74bf776c8c87c6445bfd4ee7dfc4a16c) Importer(815301076,1909f56bfc062723c751e8b465ee728b)  -> (artifact id: 'c9f2c72c98d08f113d7dea812ee3eaa5') in 0.019214 seconds 
========================================================================
Received Import Request.
  Time since last request: 1007.465585 seconds.
  path: Assets/Office chair.fbx
  artifactKey: Guid(f5528033cd38a584eacb8711d005f147) Importer(815301076,1909f56bfc062723c751e8b465ee728b)
Start importing Assets/Office chair.fbx using Guid(f5528033cd38a584eacb8711d005f147) Importer(815301076,1909f56bfc062723c751e8b465ee728b)  -> (artifact id: '81bb3def8504b75255e60269df955744') in 0.226932 seconds 
========================================================================
Received Import Request.
  Time since last request: 200.225651 seconds.
  path: Assets/Materials/Fabric.mat
  artifactKey: Guid(e468f2aac7a253f40a1deda37f8205a4) Importer(815301076,1909f56bfc062723c751e8b465ee728b)
Start importing Assets/Materials/Fabric.mat using Guid(e468f2aac7a253f40a1deda37f8205a4) Importer(815301076,1909f56bfc062723c751e8b465ee728b)  -> (artifact id: '7b34634f91125842423ac4efff986b22') in 0.029029 seconds 
========================================================================
Received Import Request.
  Time since last request: 91.291336 seconds.
  path: Assets/Materials/fabrics_0070_color_2k.jpg
  artifactKey: Guid(bab06dc5725183c469cf58e49cdc96da) Importer(815301076,1909f56bfc062723c751e8b465ee728b)
Start importing Assets/Materials/fabrics_0070_color_2k.jpg using Guid(bab06dc5725183c469cf58e49cdc96da) Importer(815301076,1909f56bfc062723c751e8b465ee728b)  -> (artifact id: '498475751287ebee348f164325ffc7d4') in 0.020470 seconds 
========================================================================
Received Import Request.
  Time since last request: 5.466369 seconds.
  path: Assets/Materials/Fabric.jpg
  artifactKey: Guid(bab06dc5725183c469cf58e49cdc96da) Importer(815301076,1909f56bfc062723c751e8b465ee728b)
Start importing Assets/Materials/Fabric.jpg using Guid(bab06dc5725183c469cf58e49cdc96da) Importer(815301076,1909f56bfc062723c751e8b465ee728b)  -> (artifact id: 'b7aab3ce271981be331fec17f079d759') in 0.014198 seconds 
========================================================================
Received Import Request.
  Time since last request: 9.474910 seconds.
  path: Assets/Materials/Fabric_Normal.png
  artifactKey: Guid(37f7a38c85ffdd7439e8f2cf262c20c5) Importer(815301076,1909f56bfc062723c751e8b465ee728b)
Start importing Assets/Materials/Fabric_Normal.png using Guid(37f7a38c85ffdd7439e8f2cf262c20c5) Importer(815301076,1909f56bfc062723c751e8b465ee728b)  -> (artifact id: 'f42228b259031de53b63331373942c2d') in 0.020039 seconds 
========================================================================
Received Import Request.
  Time since last request: 11.156851 seconds.
  path: Assets/Materials/Fabric_Normal.png
  artifactKey: Guid(37f7a38c85ffdd7439e8f2cf262c20c5) Importer(815301076,1909f56bfc062723c751e8b465ee728b)
Start importing Assets/Materials/Fabric_Normal.png using Guid(37f7a38c85ffdd7439e8f2cf262c20c5) Importer(815301076,1909f56bfc062723c751e8b465ee728b)  -> (artifact id: 'fc8e8f7f2188e7ae33c2e3e85b9ccc38') in 0.024491 seconds 
========================================================================
Received Import Request.
  Time since last request: 1078.169227 seconds.
  path: Assets/10120_LCD_Computer_Monitor_v01_max2011_it2.obj
  artifactKey: Guid(b2d4bdab527a4f7498d8197e075c5c41) Importer(815301076,1909f56bfc062723c751e8b465ee728b)
Start importing Assets/10120_LCD_Computer_Monitor_v01_max2011_it2.obj using Guid(b2d4bdab527a4f7498d8197e075c5c41) Importer(815301076,1909f56bfc062723c751e8b465ee728b)  -> (artifact id: '9e02d5fe0c6bb3f5bf16cc2a4aec24dd') in 0.063052 seconds 
========================================================================
Received Import Request.
  Time since last request: 279.480916 seconds.
  path: Assets/GamingMonitorOff.fbx
  artifactKey: Guid(1e5210b456d6e7e4ab525a30016a8da0) Importer(815301076,1909f56bfc062723c751e8b465ee728b)
Start importing Assets/GamingMonitorOff.fbx using Guid(1e5210b456d6e7e4ab525a30016a8da0) Importer(815301076,1909f56bfc062723c751e8b465ee728b)  -> (artifact id: '7546ffd2ad62b436e2ec1852e9045186') in 0.052339 seconds 
========================================================================
Received Import Request.
  Time since last request: 557.855259 seconds.
  path: Assets/Materials/Dark Wood.mat
  artifactKey: Guid(b445c421c35ddd647a40ea10eba04ab3) Importer(815301076,1909f56bfc062723c751e8b465ee728b)
Start importing Assets/Materials/Dark Wood.mat using Guid(b445c421c35ddd647a40ea10eba04ab3) Importer(815301076,1909f56bfc062723c751e8b465ee728b)  -> (artifact id: '24c0c5e1f234e9772d0cc7458d9b43a2') in 0.095761 seconds 
========================================================================
Received Import Request.
  Time since last request: 0.000072 seconds.
  path: Assets/Materials/Grid.mat
  artifactKey: Guid(25467fe8cc4f2394e8045db0b0aaee5e) Importer(815301076,1909f56bfc062723c751e8b465ee728b)
Start importing Assets/Materials/Grid.mat using Guid(25467fe8cc4f2394e8045db0b0aaee5e) Importer(815301076,1909f56bfc062723c751e8b465ee728b)  -> (artifact id: 'f039c33ad6993f55ca03fd5480e5ebf0') in 0.031714 seconds 
========================================================================
Received Import Request.
  Time since last request: 0.000312 seconds.
  path: Assets/Materials/Walls.mat
  artifactKey: Guid(07dea583e6a8416468a9cd6ae0c6ad48) Importer(815301076,1909f56bfc062723c751e8b465ee728b)
Start importing Assets/Materials/Walls.mat using Guid(07dea583e6a8416468a9cd6ae0c6ad48) Importer(815301076,1909f56bfc062723c751e8b465ee728b)  -> (artifact id: '329bb3a23ac2734b37bd94266d350676') in 0.051078 seconds 
========================================================================
Received Import Request.
  Time since last request: 0.000037 seconds.
  path: Assets/Materials/WhiteMatt.mat
  artifactKey: Guid(02e2c0b7bbca9c04e96c4d90fa12fcf6) Importer(815301076,1909f56bfc062723c751e8b465ee728b)
Start importing Assets/Materials/WhiteMatt.mat using Guid(02e2c0b7bbca9c04e96c4d90fa12fcf6) Importer(815301076,1909f56bfc062723c751e8b465ee728b)  -> (artifact id: '72a2e6decbd83a7520a31f4197d92e83') in 0.408726 seconds 
========================================================================
Received Import Request.
  Time since last request: 270.112939 seconds.
  path: Assets/Desk_Compact_Drive.fbx
  artifactKey: Guid(a72dae7f79ed268458844ad8ce03b7fb) Importer(815301076,1909f56bfc062723c751e8b465ee728b)
Start importing Assets/Desk_Compact_Drive.fbx using Guid(a72dae7f79ed268458844ad8ce03b7fb) Importer(815301076,1909f56bfc062723c751e8b465ee728b)  -> (artifact id: '250fce4f5c4cd59af416e561d567a60b') in 0.089238 seconds 
