Using pre-set license
Built from '2021.3/staging' branch; Version is '2021.3.14f1 (eee1884e7226) revision 15655304'; Using compiler version '192829333'; Build Type 'Release'
OS: 'Windows 11  (10.0.22621) 64bit Core' Language: 'de' Physical Memory: 16159 MB
BatchMode: 1, IsHumanControllingUs: 0, StartBugReporterOnCrash: 0, Is64bit: 1, IsPro: 1

COMMAND LINE ARGUMENTS:
C:\Program Files\Unity\Hub\Editor\2021.3.14f1\Editor\Unity.exe
-adb2
-batchMode
-noUpm
-name
AssetImportWorker0
-projectPath
C:/Uni/Light & Dark Sides of XR/Repository/light-and-dark-sides-gruppe-1/Milgram VR
-logFile
Logs/AssetImportWorker0.log
-srvPort
64751
Successfully changed project path to: C:/Uni/Light & Dark Sides of XR/Repository/light-and-dark-sides-gruppe-1/Milgram VR
C:/Uni/Light & Dark Sides of XR/Repository/light-and-dark-sides-gruppe-1/Milgram VR
[UnityMemory] Configuration Parameters - Can be set up in boot.config
    "memorysetup-bucket-allocator-granularity=16"
    "memorysetup-bucket-allocator-bucket-count=8"
    "memorysetup-bucket-allocator-block-size=33554432"
    "memorysetup-bucket-allocator-block-count=8"
    "memorysetup-main-allocator-block-size=16777216"
    "memorysetup-thread-allocator-block-size=16777216"
    "memorysetup-gfx-main-allocator-block-size=16777216"
    "memorysetup-gfx-thread-allocator-block-size=16777216"
    "memorysetup-cache-allocator-block-size=4194304"
    "memorysetup-typetree-allocator-block-size=2097152"
    "memorysetup-profiler-bucket-allocator-granularity=16"
    "memorysetup-profiler-bucket-allocator-bucket-count=8"
    "memorysetup-profiler-bucket-allocator-block-size=33554432"
    "memorysetup-profiler-bucket-allocator-block-count=8"
    "memorysetup-profiler-allocator-block-size=16777216"
    "memorysetup-profiler-editor-allocator-block-size=1048576"
    "memorysetup-temp-allocator-size-main=16777216"
    "memorysetup-job-temp-allocator-block-size=2097152"
    "memorysetup-job-temp-allocator-block-size-background=1048576"
    "memorysetup-job-temp-allocator-reduction-small-platforms=262144"
    "memorysetup-temp-allocator-size-background-worker=32768"
    "memorysetup-temp-allocator-size-job-worker=262144"
    "memorysetup-temp-allocator-size-preload-manager=33554432"
    "memorysetup-temp-allocator-size-nav-mesh-worker=65536"
    "memorysetup-temp-allocator-size-audio-worker=65536"
    "memorysetup-temp-allocator-size-cloud-worker=32768"
    "memorysetup-temp-allocator-size-gi-baking-worker=262144"
    "memorysetup-temp-allocator-size-gfx=262144"
Refreshing native plugins compatible for Editor in 154.32 ms, found 3 plugins.
Preloading 0 native plugins for Editor in 0.00 ms.
Initialize engine version: 2021.3.14f1 (eee1884e7226)
[Subsystems] Discovering subsystems at path C:/Program Files/Unity/Hub/Editor/2021.3.14f1/Editor/Data/Resources/UnitySubsystems
[Subsystems] Discovering subsystems at path C:/Uni/Light & Dark Sides of XR/Repository/light-and-dark-sides-gruppe-1/Milgram VR/Assets
GfxDevice: creating device client; threaded=0; jobified=0
Direct3D:
    Version:  Direct3D 11.0 [level 11.1]
    Renderer: NVIDIA GeForce MX350 (ID=0x1c94)
    Vendor:   NVIDIA
    VRAM:     1979 MB
    Driver:   30.0.15.1259
Initialize mono
Mono path[0] = 'C:/Program Files/Unity/Hub/Editor/2021.3.14f1/Editor/Data/Managed'
Mono path[1] = 'C:/Program Files/Unity/Hub/Editor/2021.3.14f1/Editor/Data/MonoBleedingEdge/lib/mono/unityjit-win32'
Mono config path = 'C:/Program Files/Unity/Hub/Editor/2021.3.14f1/Editor/Data/MonoBleedingEdge/etc'
Using monoOptions --debugger-agent=transport=dt_socket,embedding=1,server=y,suspend=n,address=127.0.0.1:56224
Begin MonoManager ReloadAssembly
Registering precompiled unity dll's ...
Register platform support module: C:/Program Files/Unity/Hub/Editor/2021.3.14f1/Editor/Data/PlaybackEngines/WindowsStandaloneSupport/UnityEditor.WindowsStandalone.Extensions.dll
Registered in 0.012249 seconds.
Native extension for WindowsStandalone target not found
Refreshing native plugins compatible for Editor in 106.06 ms, found 3 plugins.
Preloading 0 native plugins for Editor in 0.00 ms.
Mono: successfully reloaded assembly
- Completed reload, in  1.009 seconds
Domain Reload Profiling:
	ReloadAssembly (1010ms)
		BeginReloadAssembly (124ms)
			ExecutionOrderSort (0ms)
			DisableScriptedObjects (0ms)
			BackupInstance (0ms)
			ReleaseScriptingObjects (0ms)
			CreateAndSetChildDomain (1ms)
		EndReloadAssembly (706ms)
			LoadAssemblies (125ms)
			RebuildTransferFunctionScriptingTraits (0ms)
			SetupTypeCache (174ms)
			ReleaseScriptCaches (0ms)
			RebuildScriptCaches (44ms)
			SetupLoadedEditorAssemblies (423ms)
				LogAssemblyErrors (0ms)
				InitializePlatformSupportModulesInManaged (10ms)
				SetLoadedEditorAssemblies (0ms)
				RefreshPlugins (106ms)
				BeforeProcessingInitializeOnLoad (2ms)
				ProcessInitializeOnLoadAttributes (235ms)
				ProcessInitializeOnLoadMethodAttributes (68ms)
				AfterProcessingInitializeOnLoad (0ms)
				EditorAssembliesLoaded (0ms)
			ExecutionOrderSort2 (0ms)
			AwakeInstancesAfterBackupRestoration (0ms)
Platform modules already initialized, skipping
Registering precompiled user dll's ...
Registered in 0.016602 seconds.
Begin MonoManager ReloadAssembly
Symbol file LoadedFromMemory doesn't match image C:\Uni\Light & Dark Sides of XR\Repository\light-and-dark-sides-gruppe-1\Milgram VR\Library\PackageCache\com.unity.visualscripting@1.7.8\Editor\VisualScripting.Core\Dependencies\YamlDotNet\Unity.VisualScripting.YamlDotNet.dll
Symbol file LoadedFromMemory doesn't match image C:\Uni\Light & Dark Sides of XR\Repository\light-and-dark-sides-gruppe-1\Milgram VR\Library\PackageCache\com.unity.visualscripting@1.7.8\Editor\VisualScripting.Core\Dependencies\DotNetZip\Unity.VisualScripting.IonicZip.dll
Native extension for WindowsStandalone target not found
Refreshing native plugins compatible for Editor in 0.97 ms, found 3 plugins.
Preloading 0 native plugins for Editor in 0.00 ms.
Mono: successfully reloaded assembly
- Completed reload, in  2.080 seconds
Domain Reload Profiling:
	ReloadAssembly (2081ms)
		BeginReloadAssembly (178ms)
			ExecutionOrderSort (0ms)
			DisableScriptedObjects (10ms)
			BackupInstance (0ms)
			ReleaseScriptingObjects (0ms)
			CreateAndSetChildDomain (28ms)
		EndReloadAssembly (1669ms)
			LoadAssemblies (152ms)
			RebuildTransferFunctionScriptingTraits (0ms)
			SetupTypeCache (576ms)
			ReleaseScriptCaches (1ms)
			RebuildScriptCaches (96ms)
			SetupLoadedEditorAssemblies (707ms)
				LogAssemblyErrors (0ms)
				InitializePlatformSupportModulesInManaged (13ms)
				SetLoadedEditorAssemblies (1ms)
				RefreshPlugins (1ms)
				BeforeProcessingInitializeOnLoad (160ms)
				ProcessInitializeOnLoadAttributes (482ms)
				ProcessInitializeOnLoadMethodAttributes (37ms)
				AfterProcessingInitializeOnLoad (12ms)
				EditorAssembliesLoaded (0ms)
			ExecutionOrderSort2 (0ms)
			AwakeInstancesAfterBackupRestoration (9ms)
Platform modules already initialized, skipping
========================================================================
Worker process is ready to serve import requests
Launched and connected shader compiler UnityShaderCompiler.exe after 0.11 seconds
Refreshing native plugins compatible for Editor in 1.15 ms, found 3 plugins.
Preloading 0 native plugins for Editor in 0.00 ms.
Unloading 3351 Unused Serialized files (Serialized files now loaded: 0)
Unloading 27 unused Assets / (113.4 KB). Loaded Objects now: 3808.
Memory consumption went from 116.5 MB to 116.4 MB.
Total: 5.052600 ms (FindLiveObjects: 0.469000 ms CreateObjectMapping: 0.329900 ms MarkObjects: 4.135200 ms  DeleteObjects: 0.116900 ms)

AssetImportParameters requested are different than current active one (requested -> active):
  custom:video-decoder-ogg-theora: a1e56fd34408186e4bbccfd4996cb3dc -> 
  custom:container-muxer-webm: aa71ff27fc2769a1b78a27578f13a17b -> 
  custom:container-demuxer-webm: 4f35f7cbe854078d1ac9338744f61a02 -> 
  custom:video-encoder-webm-vp8: eb34c28f22e8b96e1ab97ce403110664 -> 
  custom:video-codec-MediaFoundation-h265: 746d11721c4dcdbdad8f713fa42b33f4 -> 
  custom:audio-encoder-webm-vorbis: bf7c407c2cedff20999df2af8eb42d56 -> 
  custom:framework-win-MediaFoundation: 216162199b28c13a410421893ffa2e32 -> 
  custom:container-demuxer-ogg: 62fdf1f143b41e24485cea50d1cbac27 -> 
  custom:video-decoder-webm-vp8: 9c59270c3fd7afecdb556c50c9e8de78 -> 
  custom:audio-decoder-ogg-vorbis: bf7c407c2cedff20999df2af8eb42d56 -> 
========================================================================
Received Import Request.
  Time since last request: 5408.295592 seconds.
  path: Assets/Desk_Compact_Drive.fbx
  artifactKey: Guid(a72dae7f79ed268458844ad8ce03b7fb) Importer(815301076,1909f56bfc062723c751e8b465ee728b)
Start importing Assets/Desk_Compact_Drive.fbx using Guid(a72dae7f79ed268458844ad8ce03b7fb) Importer(815301076,1909f56bfc062723c751e8b465ee728b)  -> (artifact id: '801532a59fef9145e144c65659ce8093') in 0.711785 seconds 
========================================================================
Received Import Request.
  Time since last request: 66.370314 seconds.
  path: Assets/Desk_Compact_Drive.fbx
  artifactKey: Guid(a72dae7f79ed268458844ad8ce03b7fb) Importer(815301076,1909f56bfc062723c751e8b465ee728b)
Start importing Assets/Desk_Compact_Drive.fbx using Guid(a72dae7f79ed268458844ad8ce03b7fb) Importer(815301076,1909f56bfc062723c751e8b465ee728b)  -> (artifact id: '85fb4c7ccbfce38024aef041530f3467') in 0.268684 seconds 
========================================================================
Received Import Request.
  Time since last request: 236.064868 seconds.
  path: Assets/Desk_Compact_Drive.fbx
  artifactKey: Guid(a72dae7f79ed268458844ad8ce03b7fb) Importer(815301076,1909f56bfc062723c751e8b465ee728b)
Start importing Assets/Desk_Compact_Drive.fbx using Guid(a72dae7f79ed268458844ad8ce03b7fb) Importer(815301076,1909f56bfc062723c751e8b465ee728b)  -> (artifact id: 'de48c0c08d65206bff3eb275be8d7efe') in 0.301519 seconds 
========================================================================
Received Import Request.
  Time since last request: 75.860991 seconds.
  path: Assets/Maps
  artifactKey: Guid(84ab71c79e0763745971cbf86af039d0) Importer(815301076,1909f56bfc062723c751e8b465ee728b)
Start importing Assets/Maps using Guid(84ab71c79e0763745971cbf86af039d0) Importer(815301076,1909f56bfc062723c751e8b465ee728b)  -> (artifact id: '87b228480bef623e793f899081a77e41') in 0.012035 seconds 
========================================================================
Received Import Request.
  Time since last request: 0.778276 seconds.
  path: Assets/Maps/168_NATURAL_OAK.jpg
  artifactKey: Guid(6035bfdcd1669d742b2aed23f9c8c77d) Importer(815301076,1909f56bfc062723c751e8b465ee728b)
Start importing Assets/Maps/168_NATURAL_OAK.jpg using Guid(6035bfdcd1669d742b2aed23f9c8c77d) Importer(815301076,1909f56bfc062723c751e8b465ee728b)  -> (artifact id: '3656d3af778d682340cc6970561babc4') in 0.048234 seconds 
========================================================================
Received Import Request.
  Time since last request: 0.000041 seconds.
  path: Assets/Maps/BLACK_SEMI_MATT_RAL_115.jpg
  artifactKey: Guid(7722a43da67207344be6ce5495457b6d) Importer(815301076,1909f56bfc062723c751e8b465ee728b)
Start importing Assets/Maps/BLACK_SEMI_MATT_RAL_115.jpg using Guid(7722a43da67207344be6ce5495457b6d) Importer(815301076,1909f56bfc062723c751e8b465ee728b)  -> (artifact id: '523c3026c9790cadb5848adba1cb5836') in 0.022899 seconds 
========================================================================
Received Import Request.
  Time since last request: 0.000050 seconds.
  path: Assets/Maps/168_NATURAL_OAK_NORMAL.jpg
  artifactKey: Guid(783999548a8ceb748bb481c31aa7e2ad) Importer(815301076,1909f56bfc062723c751e8b465ee728b)
Start importing Assets/Maps/168_NATURAL_OAK_NORMAL.jpg using Guid(783999548a8ceb748bb481c31aa7e2ad) Importer(815301076,1909f56bfc062723c751e8b465ee728b)  -> (artifact id: 'ff8945fe6196f1aff6de428164f58ff9') in 0.026218 seconds 
========================================================================
Received Import Request.
  Time since last request: 3.038416 seconds.
  path: Assets/Render
  artifactKey: Guid(40dec9a9caf24444da5bf8db11edee2a) Importer(815301076,1909f56bfc062723c751e8b465ee728b)
Start importing Assets/Render using Guid(40dec9a9caf24444da5bf8db11edee2a) Importer(815301076,1909f56bfc062723c751e8b465ee728b)  -> (artifact id: 'bf0e74b9dec96c8271d92b46bb02e595') in 0.012435 seconds 
========================================================================
Received Import Request.
  Time since last request: 0.016925 seconds.
  path: Assets/Render/Render_MDD_Desk_CompactDrive_34.jpg
  artifactKey: Guid(609ce62d3cef8b44bbf5c2d0285c991b) Importer(815301076,1909f56bfc062723c751e8b465ee728b)
Start importing Assets/Render/Render_MDD_Desk_CompactDrive_34.jpg using Guid(609ce62d3cef8b44bbf5c2d0285c991b) Importer(815301076,1909f56bfc062723c751e8b465ee728b)  -> (artifact id: '5d7cc5d72dc32bf4b72cb6da08738d44') in 0.020675 seconds 
========================================================================
Received Import Request.
  Time since last request: 0.000027 seconds.
  path: Assets/Render/Render_MDD_Desk_CompactDrive_Side.jpg
  artifactKey: Guid(0dce41255cfb02646bd4fd7c4c355973) Importer(815301076,1909f56bfc062723c751e8b465ee728b)
Start importing Assets/Render/Render_MDD_Desk_CompactDrive_Side.jpg using Guid(0dce41255cfb02646bd4fd7c4c355973) Importer(815301076,1909f56bfc062723c751e8b465ee728b)  -> (artifact id: '192be64e65c2b795b7a5fe29b10475a7') in 0.021527 seconds 
========================================================================
Received Import Request.
  Time since last request: 318.348783 seconds.
  path: Assets
  artifactKey: Guid(00000000000000001000000000000000) Importer(815301076,1909f56bfc062723c751e8b465ee728b)
Start importing Assets using Guid(00000000000000001000000000000000) Importer(815301076,1909f56bfc062723c751e8b465ee728b)  -> (artifact id: '79842766b460edbeab6a34051e857a80') in 0.011335 seconds 
========================================================================
Received Import Request.
  Time since last request: 15.253974 seconds.
  path: Assets/New Material.mat
  artifactKey: Guid(b445c421c35ddd647a40ea10eba04ab3) Importer(815301076,1909f56bfc062723c751e8b465ee728b)
Start importing Assets/New Material.mat using Guid(b445c421c35ddd647a40ea10eba04ab3) Importer(815301076,1909f56bfc062723c751e8b465ee728b)  -> (artifact id: '9b1fba3d9c650e3388b4bfdea0f8046b') in 0.028723 seconds 
========================================================================
Received Import Request.
  Time since last request: 45.269212 seconds.
  path: Assets/Materials/Desk_Compact_Drive/168_NATURAL_OAK.jpg
  artifactKey: Guid(ecf96d708171b3442a7aebb35b09758d) Importer(815301076,1909f56bfc062723c751e8b465ee728b)
Start importing Assets/Materials/Desk_Compact_Drive/168_NATURAL_OAK.jpg using Guid(ecf96d708171b3442a7aebb35b09758d) Importer(815301076,1909f56bfc062723c751e8b465ee728b)  -> (artifact id: 'd7bbf224f392583909da2cbcebdc9965') in 0.022553 seconds 
========================================================================
Received Import Request.
  Time since last request: 0.000035 seconds.
  path: Assets/Materials/Desk_Compact_Drive/Render_MDD_Desk_CompactDrive_34.jpg
  artifactKey: Guid(90da2a4cdbb6f4847b6ea48fbacf3b93) Importer(815301076,1909f56bfc062723c751e8b465ee728b)
Start importing Assets/Materials/Desk_Compact_Drive/Render_MDD_Desk_CompactDrive_34.jpg using Guid(90da2a4cdbb6f4847b6ea48fbacf3b93) Importer(815301076,1909f56bfc062723c751e8b465ee728b)  -> (artifact id: 'de32d11cac0c9e1638db80768b07ba9f') in 0.021362 seconds 
========================================================================
Received Import Request.
  Time since last request: 0.000061 seconds.
  path: Assets/Materials/Desk_Compact_Drive
  artifactKey: Guid(af62caaa5fef608479c1ac642131025b) Importer(815301076,1909f56bfc062723c751e8b465ee728b)
Start importing Assets/Materials/Desk_Compact_Drive using Guid(af62caaa5fef608479c1ac642131025b) Importer(815301076,1909f56bfc062723c751e8b465ee728b)  -> (artifact id: '51f253a7b5ebadeefb927ab279a9941e') in 0.008530 seconds 
========================================================================
Received Import Request.
  Time since last request: 0.000056 seconds.
  path: Assets/Materials/Desk_Compact_Drive/Render_MDD_Desk_CompactDrive_Side.jpg
  artifactKey: Guid(c53cbd81cd9994947bc3c2fbf36daf7b) Importer(815301076,1909f56bfc062723c751e8b465ee728b)
Start importing Assets/Materials/Desk_Compact_Drive/Render_MDD_Desk_CompactDrive_Side.jpg using Guid(c53cbd81cd9994947bc3c2fbf36daf7b) Importer(815301076,1909f56bfc062723c751e8b465ee728b)  -> (artifact id: '407833fadf19b110b42f6edc6cb37900') in 0.021017 seconds 
